SIMAN Run Controller.

0.077777778 Hours>
                                      ARENA Simulation Results
                                        sv - License: STUDENT

                                  Summary for Replication 1 of 1

Project: Unnamed Project                                             Run execution date :10/ 3/2024
Analyst: sv                                                          Model revision date:10/ 3/2024

Replication ended at time      : 0.077777778 Hours 
Base Time Units: Hours

                                           TALLY VARIABLES

Identifier                                  Average   Half Width  Minimum    Maximum   Observations
___________________________________________________________________________________________________

Entity 1.VATime                                 --         --         --         --          0
Entity 1.NVATime                                --         --         --         --          0
Entity 1.WaitTime                               --         --         --         --          0
Entity 1.TranTime                               --         --         --         --          0
Entity 1.OtherTime                              --         --         --         --          0
Entity 1.TotalTime                              --         --         --         --          0
Process 1.Queue.WaitingTime                 .00000     (Insuf)    .00000     .00000          7    

                                     DISCRETE-CHANGE VARIABLES

Identifier                                  Average   Half Width  Minimum    Maximum   Final Value
___________________________________________________________________________________________________

Entity 1.WIP                                1.0000     (Insuf)    .00000     1.0000     1.0000    
Resource 2.NumberBusy                       .21429     (Insuf)    .00000     1.0000     .00000    
Resource 2.NumberScheduled                  1.0000     (Insuf)    1.0000     1.0000     1.0000    
Resource 2.Utilization                      .21429     (Insuf)    .00000     1.0000     .00000    
Resource 3.NumberBusy                       .10714     (Insuf)    .00000     1.0000     .00000    
Resource 3.NumberScheduled                  1.0000     (Insuf)    1.0000     1.0000     1.0000    
Resource 3.Utilization                      .10714     (Insuf)    .00000     1.0000     .00000    
Resource 1.NumberBusy                       .42857     (Insuf)    .00000     1.0000     .00000    
Resource 1.NumberScheduled                  1.0000     (Insuf)    1.0000     1.0000     1.0000    
Resource 1.Utilization                      .42857     (Insuf)    .00000     1.0000     .00000    
Process 1.Queue.NumberInQueue               .00000     (Insuf)    .00000     .00000     .00000    

                                             OUTPUTS

Identifier                                   Value
_____________________________________________________________

Entity 1.NumberIn                           1.0000    
Entity 1.NumberOut                          .00000    
Resource 2.NumberSeized                     2.0000    
Resource 2.ScheduledUtilization             .21429    
Resource 3.NumberSeized                     1.0000    
Resource 3.ScheduledUtilization             .10714    
Resource 1.NumberSeized                     4.0000    
Resource 1.ScheduledUtilization             .42857    
System.NumberOut                            .00000    


Simulation run time: 0.17 minutes.
Simulation run complete.
